
notebookdir ........... /var/lib/jenkins/workspace/myqlm-tutorial-notebooks_rc/install_linux-x86_64_cpython_python39/notebooks
notebook_path ......... ./tutorials/lang/inlining_vs_not_inlining.ipynb
outdir ................ /var/lib/jenkins/workspace/myqlm-tutorial-notebooks_rc/install_linux-x86_64_cpython_python39/notebooks/.out
output_format ......... junit
test_type ............. convert_to_html
notebook .............. inlining_vs_not_inlining.ipynb
notebook_parent_dir ... ./tutorials/lang
test .................. jupyter/tutorials/lang/inlining_vs_not_inlining
testcase .............. jupyter.tutorials.lang.inlining_vs_not_inlining
testname .............. inlining_vs_not_inlining
testpackage ........... jupyter
testclass ............. tutorials.lang
testdir ............... /var/lib/jenkins/workspace/myqlm-tutorial-notebooks_rc/install_linux-x86_64_cpython_python39/notebooks/tutorials/lang
outfile (this file) ... /var/lib/jenkins/workspace/myqlm-tutorial-notebooks_rc/install_linux-x86_64_cpython_python39/notebooks/.out/jupyter.tutorials.lang.inlining_vs_not_inlining.out

python3 -m jupyter nbconvert --execute --ExecutePreprocessor.timeout=600 --to html inlining_vs_not_inlining.ipynb
--output /var/lib/jenkins/workspace/myqlm-tutorial-notebooks_rc/install_linux-x86_64_cpython_python39/html_notebooks/./tutorials/lang/inlining_vs_not_inlining 
jupyter.tutorials.lang.inlining_vs_not_inlining    [09:45:00]
-----------------------------------------------
[NbConvertApp] Converting notebook inlining_vs_not_inlining.ipynb to html
[NbConvertApp] Writing 512047 bytes to /var/lib/jenkins/workspace/myqlm-tutorial-notebooks_rc/install_linux-x86_64_cpython_python39/html_notebooks/tutorials/lang/inlining_vs_not_inlining.html
