
notebookdir ........... /var/lib/jenkins/workspace/myqlm-tutorial-notebooks_rc/install_linux-x86_64_cpython_python39/notebooks
notebook_path ......... ./tutorials/lang/algorithms/quantum_counting.ipynb
outdir ................ /var/lib/jenkins/workspace/myqlm-tutorial-notebooks_rc/install_linux-x86_64_cpython_python39/notebooks/.out
output_format ......... junit
test_type ............. convert_to_html
notebook .............. quantum_counting.ipynb
notebook_parent_dir ... ./tutorials/lang/algorithms
test .................. jupyter/tutorials/lang/algorithms/quantum_counting
testcase .............. jupyter.tutorials.lang.algorithms.quantum_counting
testname .............. quantum_counting
testpackage ........... jupyter
testclass ............. tutorials.lang.algorithms
testdir ............... /var/lib/jenkins/workspace/myqlm-tutorial-notebooks_rc/install_linux-x86_64_cpython_python39/notebooks/tutorials/lang/algorithms
outfile (this file) ... /var/lib/jenkins/workspace/myqlm-tutorial-notebooks_rc/install_linux-x86_64_cpython_python39/notebooks/.out/jupyter.tutorials.lang.algorithms.quantum_counting.out

python3 -m jupyter nbconvert --execute --ExecutePreprocessor.timeout=600 --to html quantum_counting.ipynb
--output /var/lib/jenkins/workspace/myqlm-tutorial-notebooks_rc/install_linux-x86_64_cpython_python39/html_notebooks/./tutorials/lang/algorithms/quantum_counting 
jupyter.tutorials.lang.algorithms.quantum_counting    [09:44:48]
--------------------------------------------------
[NbConvertApp] Converting notebook quantum_counting.ipynb to html
[NbConvertApp] Writing 408667 bytes to /var/lib/jenkins/workspace/myqlm-tutorial-notebooks_rc/install_linux-x86_64_cpython_python39/html_notebooks/tutorials/lang/algorithms/quantum_counting.html
