
notebookdir ........... /var/lib/jenkins/workspace/myqlm-tutorial-notebooks_rc/install_linux-x86_64_cpython_python39/notebooks
notebook_path ......... ./tutorials/lang/needle_vs_haystack.ipynb
outdir ................ /var/lib/jenkins/workspace/myqlm-tutorial-notebooks_rc/install_linux-x86_64_cpython_python39/notebooks/.out
output_format ......... junit
test_type ............. convert_to_html
notebook .............. needle_vs_haystack.ipynb
notebook_parent_dir ... ./tutorials/lang
test .................. jupyter/tutorials/lang/needle_vs_haystack
testcase .............. jupyter.tutorials.lang.needle_vs_haystack
testname .............. needle_vs_haystack
testpackage ........... jupyter
testclass ............. tutorials.lang
testdir ............... /var/lib/jenkins/workspace/myqlm-tutorial-notebooks_rc/install_linux-x86_64_cpython_python39/notebooks/tutorials/lang
outfile (this file) ... /var/lib/jenkins/workspace/myqlm-tutorial-notebooks_rc/install_linux-x86_64_cpython_python39/notebooks/.out/jupyter.tutorials.lang.needle_vs_haystack.out

python3 -m jupyter nbconvert --execute --ExecutePreprocessor.timeout=600 --to html needle_vs_haystack.ipynb
--output /var/lib/jenkins/workspace/myqlm-tutorial-notebooks_rc/install_linux-x86_64_cpython_python39/html_notebooks/./tutorials/lang/needle_vs_haystack 
jupyter.tutorials.lang.needle_vs_haystack    [09:45:06]
-----------------------------------------
[NbConvertApp] Converting notebook needle_vs_haystack.ipynb to html
[NbConvertApp] Writing 732308 bytes to /var/lib/jenkins/workspace/myqlm-tutorial-notebooks_rc/install_linux-x86_64_cpython_python39/html_notebooks/tutorials/lang/needle_vs_haystack.html
