
notebookdir ........... /var/lib/jenkins/workspace/myqlm-tutorial-notebooks_rc/install_linux-x86_64_cpython_python39/notebooks
notebook_path ......... ./tutorials/combinatorial_optimization/getting_started_with_sa.ipynb
outdir ................ /var/lib/jenkins/workspace/myqlm-tutorial-notebooks_rc/install_linux-x86_64_cpython_python39/notebooks/.out
output_format ......... junit
test_type ............. convert_to_html
notebook .............. getting_started_with_sa.ipynb
notebook_parent_dir ... ./tutorials/combinatorial_optimization
test .................. jupyter/tutorials/combinatorial_optimization/getting_started_with_sa
testcase .............. jupyter.tutorials.combinatorial_optimization.getting_started_with_sa
testname .............. getting_started_with_sa
testpackage ........... jupyter
testclass ............. tutorials.combinatorial_optimization
testdir ............... /var/lib/jenkins/workspace/myqlm-tutorial-notebooks_rc/install_linux-x86_64_cpython_python39/notebooks/tutorials/combinatorial_optimization
outfile (this file) ... /var/lib/jenkins/workspace/myqlm-tutorial-notebooks_rc/install_linux-x86_64_cpython_python39/notebooks/.out/jupyter.tutorials.combinatorial_optimization.getting_started_with_sa.out

python3 -m jupyter nbconvert --execute --ExecutePreprocessor.timeout=600 --to html getting_started_with_sa.ipynb
--output /var/lib/jenkins/workspace/myqlm-tutorial-notebooks_rc/install_linux-x86_64_cpython_python39/html_notebooks/./tutorials/combinatorial_optimization/getting_started_with_sa 
jupyter.tutorials.combinatorial_optimization.getting_started_with_sa    [09:44:00]
--------------------------------------------------------------------
[NbConvertApp] Converting notebook getting_started_with_sa.ipynb to html
[NbConvertApp] Writing 348351 bytes to /var/lib/jenkins/workspace/myqlm-tutorial-notebooks_rc/install_linux-x86_64_cpython_python39/html_notebooks/tutorials/combinatorial_optimization/getting_started_with_sa.html
