
notebookdir ........... /var/lib/jenkins/workspace/myqlm-tutorial-notebooks_rc/install_linux-x86_64_cpython_python39/notebooks
notebook_path ......... ./tutorials/simulation/simulation_overview.ipynb
outdir ................ /var/lib/jenkins/workspace/myqlm-tutorial-notebooks_rc/install_linux-x86_64_cpython_python39/notebooks/.out
output_format ......... junit
test_type ............. convert_to_html
notebook .............. simulation_overview.ipynb
notebook_parent_dir ... ./tutorials/simulation
test .................. jupyter/tutorials/simulation/simulation_overview
testcase .............. jupyter.tutorials.simulation.simulation_overview
testname .............. simulation_overview
testpackage ........... jupyter
testclass ............. tutorials.simulation
testdir ............... /var/lib/jenkins/workspace/myqlm-tutorial-notebooks_rc/install_linux-x86_64_cpython_python39/notebooks/tutorials/simulation
outfile (this file) ... /var/lib/jenkins/workspace/myqlm-tutorial-notebooks_rc/install_linux-x86_64_cpython_python39/notebooks/.out/jupyter.tutorials.simulation.simulation_overview.out

python3 -m jupyter nbconvert --execute --ExecutePreprocessor.timeout=600 --to html simulation_overview.ipynb
--output /var/lib/jenkins/workspace/myqlm-tutorial-notebooks_rc/install_linux-x86_64_cpython_python39/html_notebooks/./tutorials/simulation/simulation_overview 
jupyter.tutorials.simulation.simulation_overview    [09:45:36]
------------------------------------------------
[NbConvertApp] Converting notebook simulation_overview.ipynb to html
[NbConvertApp] Writing 378539 bytes to /var/lib/jenkins/workspace/myqlm-tutorial-notebooks_rc/install_linux-x86_64_cpython_python39/html_notebooks/tutorials/simulation/simulation_overview.html
