
notebookdir ........... /var/lib/jenkins/workspace/myqlm-tutorial-notebooks_rc/install_linux-x86_64_cpython_python39/notebooks
notebook_path ......... ./tutorials/lang/linking.ipynb
outdir ................ /var/lib/jenkins/workspace/myqlm-tutorial-notebooks_rc/install_linux-x86_64_cpython_python39/notebooks/.out
output_format ......... junit
test_type ............. convert_to_html
notebook .............. linking.ipynb
notebook_parent_dir ... ./tutorials/lang
test .................. jupyter/tutorials/lang/linking
testcase .............. jupyter.tutorials.lang.linking
testname .............. linking
testpackage ........... jupyter
testclass ............. tutorials.lang
testdir ............... /var/lib/jenkins/workspace/myqlm-tutorial-notebooks_rc/install_linux-x86_64_cpython_python39/notebooks/tutorials/lang
outfile (this file) ... /var/lib/jenkins/workspace/myqlm-tutorial-notebooks_rc/install_linux-x86_64_cpython_python39/notebooks/.out/jupyter.tutorials.lang.linking.out

python3 -m jupyter nbconvert --execute --ExecutePreprocessor.timeout=600 --to html linking.ipynb
--output /var/lib/jenkins/workspace/myqlm-tutorial-notebooks_rc/install_linux-x86_64_cpython_python39/html_notebooks/./tutorials/lang/linking 
jupyter.tutorials.lang.linking    [09:45:02]
------------------------------
[NbConvertApp] Converting notebook linking.ipynb to html
[NbConvertApp] Writing 972054 bytes to /var/lib/jenkins/workspace/myqlm-tutorial-notebooks_rc/install_linux-x86_64_cpython_python39/html_notebooks/tutorials/lang/linking.html
