
notebookdir ........... /var/lib/jenkins/workspace/myqlm-tutorial-notebooks_rc/install_linux-x86_64_cpython_python39/notebooks
notebook_path ......... ./tutorials/plugins/plugins.ipynb
outdir ................ /var/lib/jenkins/workspace/myqlm-tutorial-notebooks_rc/install_linux-x86_64_cpython_python39/notebooks/.out
output_format ......... junit
test_type ............. convert_to_html
notebook .............. plugins.ipynb
notebook_parent_dir ... ./tutorials/plugins
test .................. jupyter/tutorials/plugins/plugins
testcase .............. jupyter.tutorials.plugins.plugins
testname .............. plugins
testpackage ........... jupyter
testclass ............. tutorials.plugins
testdir ............... /var/lib/jenkins/workspace/myqlm-tutorial-notebooks_rc/install_linux-x86_64_cpython_python39/notebooks/tutorials/plugins
outfile (this file) ... /var/lib/jenkins/workspace/myqlm-tutorial-notebooks_rc/install_linux-x86_64_cpython_python39/notebooks/.out/jupyter.tutorials.plugins.plugins.out

python3 -m jupyter nbconvert --execute --ExecutePreprocessor.timeout=600 --to html plugins.ipynb
--output /var/lib/jenkins/workspace/myqlm-tutorial-notebooks_rc/install_linux-x86_64_cpython_python39/html_notebooks/./tutorials/plugins/plugins 
jupyter.tutorials.plugins.plugins    [09:45:30]
---------------------------------
[NbConvertApp] Converting notebook plugins.ipynb to html
[NbConvertApp] Writing 367188 bytes to /var/lib/jenkins/workspace/myqlm-tutorial-notebooks_rc/install_linux-x86_64_cpython_python39/html_notebooks/tutorials/plugins/plugins.html
