
notebookdir ........... /var/lib/jenkins/workspace/myqlm-tutorial-notebooks_rc/install_linux-x86_64_cpython_python39/notebooks
notebook_path ......... ./tutorials/lang/custom_gate_set.ipynb
outdir ................ /var/lib/jenkins/workspace/myqlm-tutorial-notebooks_rc/install_linux-x86_64_cpython_python39/notebooks/.out
output_format ......... junit
test_type ............. convert_to_html
notebook .............. custom_gate_set.ipynb
notebook_parent_dir ... ./tutorials/lang
test .................. jupyter/tutorials/lang/custom_gate_set
testcase .............. jupyter.tutorials.lang.custom_gate_set
testname .............. custom_gate_set
testpackage ........... jupyter
testclass ............. tutorials.lang
testdir ............... /var/lib/jenkins/workspace/myqlm-tutorial-notebooks_rc/install_linux-x86_64_cpython_python39/notebooks/tutorials/lang
outfile (this file) ... /var/lib/jenkins/workspace/myqlm-tutorial-notebooks_rc/install_linux-x86_64_cpython_python39/notebooks/.out/jupyter.tutorials.lang.custom_gate_set.out

python3 -m jupyter nbconvert --execute --ExecutePreprocessor.timeout=600 --to html custom_gate_set.ipynb
--output /var/lib/jenkins/workspace/myqlm-tutorial-notebooks_rc/install_linux-x86_64_cpython_python39/html_notebooks/./tutorials/lang/custom_gate_set 
jupyter.tutorials.lang.custom_gate_set    [09:44:54]
--------------------------------------
[NbConvertApp] Converting notebook custom_gate_set.ipynb to html
[NbConvertApp] Writing 409207 bytes to /var/lib/jenkins/workspace/myqlm-tutorial-notebooks_rc/install_linux-x86_64_cpython_python39/html_notebooks/tutorials/lang/custom_gate_set.html
