
notebookdir ........... /var/lib/jenkins/workspace/myqlm-tutorial-notebooks_rc/install_linux-x86_64_cpython_python39/notebooks
notebook_path ......... ./tutorials/basic/epr_pair.ipynb
outdir ................ /var/lib/jenkins/workspace/myqlm-tutorial-notebooks_rc/install_linux-x86_64_cpython_python39/notebooks/.out
output_format ......... junit
test_type ............. convert_to_html
notebook .............. epr_pair.ipynb
notebook_parent_dir ... ./tutorials/basic
test .................. jupyter/tutorials/basic/epr_pair
testcase .............. jupyter.tutorials.basic.epr_pair
testname .............. epr_pair
testpackage ........... jupyter
testclass ............. tutorials.basic
testdir ............... /var/lib/jenkins/workspace/myqlm-tutorial-notebooks_rc/install_linux-x86_64_cpython_python39/notebooks/tutorials/basic
outfile (this file) ... /var/lib/jenkins/workspace/myqlm-tutorial-notebooks_rc/install_linux-x86_64_cpython_python39/notebooks/.out/jupyter.tutorials.basic.epr_pair.out

python3 -m jupyter nbconvert --execute --ExecutePreprocessor.timeout=600 --to html epr_pair.ipynb
--output /var/lib/jenkins/workspace/myqlm-tutorial-notebooks_rc/install_linux-x86_64_cpython_python39/html_notebooks/./tutorials/basic/epr_pair 
jupyter.tutorials.basic.epr_pair    [09:43:52]
--------------------------------
[NbConvertApp] Converting notebook epr_pair.ipynb to html
[NbConvertApp] Writing 404854 bytes to /var/lib/jenkins/workspace/myqlm-tutorial-notebooks_rc/install_linux-x86_64_cpython_python39/html_notebooks/tutorials/basic/epr_pair.html
