
notebookdir ........... /var/lib/jenkins/workspace/myqlm-tutorial-notebooks_rc/install_linux-x86_64_cpython_python39/notebooks
notebook_path ......... ./tutorials/lang/py_aqasm.ipynb
outdir ................ /var/lib/jenkins/workspace/myqlm-tutorial-notebooks_rc/install_linux-x86_64_cpython_python39/notebooks/.out
output_format ......... junit
test_type ............. convert_to_html
notebook .............. py_aqasm.ipynb
notebook_parent_dir ... ./tutorials/lang
test .................. jupyter/tutorials/lang/py_aqasm
testcase .............. jupyter.tutorials.lang.py_aqasm
testname .............. py_aqasm
testpackage ........... jupyter
testclass ............. tutorials.lang
testdir ............... /var/lib/jenkins/workspace/myqlm-tutorial-notebooks_rc/install_linux-x86_64_cpython_python39/notebooks/tutorials/lang
outfile (this file) ... /var/lib/jenkins/workspace/myqlm-tutorial-notebooks_rc/install_linux-x86_64_cpython_python39/notebooks/.out/jupyter.tutorials.lang.py_aqasm.out

python3 -m jupyter nbconvert --execute --ExecutePreprocessor.timeout=600 --to html py_aqasm.ipynb
--output /var/lib/jenkins/workspace/myqlm-tutorial-notebooks_rc/install_linux-x86_64_cpython_python39/html_notebooks/./tutorials/lang/py_aqasm 
jupyter.tutorials.lang.py_aqasm    [09:45:10]
-------------------------------
[NbConvertApp] Converting notebook py_aqasm.ipynb to html
[NbConvertApp] Writing 582087 bytes to /var/lib/jenkins/workspace/myqlm-tutorial-notebooks_rc/install_linux-x86_64_cpython_python39/html_notebooks/tutorials/lang/py_aqasm.html
