
notebookdir ........... /var/lib/jenkins/workspace/myqlm-tutorial-notebooks_rc/install_linux-x86_64_cpython_python39/notebooks
notebook_path ......... ./tutorials/interoperability/Projectq.ipynb
outdir ................ /var/lib/jenkins/workspace/myqlm-tutorial-notebooks_rc/install_linux-x86_64_cpython_python39/notebooks/.out
output_format ......... junit
test_type ............. convert_to_html
notebook .............. Projectq.ipynb
notebook_parent_dir ... ./tutorials/interoperability
test .................. jupyter/tutorials/interoperability/Projectq
testcase .............. jupyter.tutorials.interoperability.Projectq
testname .............. Projectq
testpackage ........... jupyter
testclass ............. tutorials.interoperability
testdir ............... /var/lib/jenkins/workspace/myqlm-tutorial-notebooks_rc/install_linux-x86_64_cpython_python39/notebooks/tutorials/interoperability
outfile (this file) ... /var/lib/jenkins/workspace/myqlm-tutorial-notebooks_rc/install_linux-x86_64_cpython_python39/notebooks/.out/jupyter.tutorials.interoperability.Projectq.out

python3 -m jupyter nbconvert --execute --ExecutePreprocessor.timeout=600 --to html Projectq.ipynb
--output /var/lib/jenkins/workspace/myqlm-tutorial-notebooks_rc/install_linux-x86_64_cpython_python39/html_notebooks/./tutorials/interoperability/Projectq 
jupyter.tutorials.interoperability.Projectq    [09:51:06]
-------------------------------------------
[NbConvertApp] Converting notebook Projectq.ipynb to html
[NbConvertApp] Writing 346001 bytes to /var/lib/jenkins/workspace/myqlm-tutorial-notebooks_rc/install_linux-x86_64_cpython_python39/html_notebooks/tutorials/interoperability/Projectq.html
