
notebookdir ........... /var/lib/jenkins/workspace/myqlm-tutorial-notebooks_rc/install_linux-x86_64_cpython_python39/notebooks
notebook_path ......... ./tutorials/lang/gate_sets.ipynb
outdir ................ /var/lib/jenkins/workspace/myqlm-tutorial-notebooks_rc/install_linux-x86_64_cpython_python39/notebooks/.out
output_format ......... junit
test_type ............. convert_to_html
notebook .............. gate_sets.ipynb
notebook_parent_dir ... ./tutorials/lang
test .................. jupyter/tutorials/lang/gate_sets
testcase .............. jupyter.tutorials.lang.gate_sets
testname .............. gate_sets
testpackage ........... jupyter
testclass ............. tutorials.lang
testdir ............... /var/lib/jenkins/workspace/myqlm-tutorial-notebooks_rc/install_linux-x86_64_cpython_python39/notebooks/tutorials/lang
outfile (this file) ... /var/lib/jenkins/workspace/myqlm-tutorial-notebooks_rc/install_linux-x86_64_cpython_python39/notebooks/.out/jupyter.tutorials.lang.gate_sets.out

python3 -m jupyter nbconvert --execute --ExecutePreprocessor.timeout=600 --to html gate_sets.ipynb
--output /var/lib/jenkins/workspace/myqlm-tutorial-notebooks_rc/install_linux-x86_64_cpython_python39/html_notebooks/./tutorials/lang/gate_sets 
jupyter.tutorials.lang.gate_sets    [09:44:58]
--------------------------------
[NbConvertApp] Converting notebook gate_sets.ipynb to html
[NbConvertApp] Writing 892703 bytes to /var/lib/jenkins/workspace/myqlm-tutorial-notebooks_rc/install_linux-x86_64_cpython_python39/html_notebooks/tutorials/lang/gate_sets.html
