
notebookdir ........... /var/lib/jenkins/workspace/myqlm-tutorial-notebooks_rc/install_linux-x86_64_cpython_python39/notebooks
notebook_path ......... ./tutorials/plugins/overview.ipynb
outdir ................ /var/lib/jenkins/workspace/myqlm-tutorial-notebooks_rc/install_linux-x86_64_cpython_python39/notebooks/.out
output_format ......... junit
test_type ............. convert_to_html
notebook .............. overview.ipynb
notebook_parent_dir ... ./tutorials/plugins
test .................. jupyter/tutorials/plugins/overview
testcase .............. jupyter.tutorials.plugins.overview
testname .............. overview
testpackage ........... jupyter
testclass ............. tutorials.plugins
testdir ............... /var/lib/jenkins/workspace/myqlm-tutorial-notebooks_rc/install_linux-x86_64_cpython_python39/notebooks/tutorials/plugins
outfile (this file) ... /var/lib/jenkins/workspace/myqlm-tutorial-notebooks_rc/install_linux-x86_64_cpython_python39/notebooks/.out/jupyter.tutorials.plugins.overview.out

python3 -m jupyter nbconvert --execute --ExecutePreprocessor.timeout=600 --to html overview.ipynb
--output /var/lib/jenkins/workspace/myqlm-tutorial-notebooks_rc/install_linux-x86_64_cpython_python39/html_notebooks/./tutorials/plugins/overview 
jupyter.tutorials.plugins.overview    [09:45:28]
----------------------------------
[NbConvertApp] Converting notebook overview.ipynb to html
[NbConvertApp] Writing 342658 bytes to /var/lib/jenkins/workspace/myqlm-tutorial-notebooks_rc/install_linux-x86_64_cpython_python39/html_notebooks/tutorials/plugins/overview.html
