
notebookdir ........... /var/lib/jenkins/workspace/myqlm-tutorial-notebooks_rc/install_linux-x86_64_cpython_python39/notebooks
notebook_path ......... ./tutorials/lang/algorithms/phase_estimation.ipynb
outdir ................ /var/lib/jenkins/workspace/myqlm-tutorial-notebooks_rc/install_linux-x86_64_cpython_python39/notebooks/.out
output_format ......... junit
test_type ............. convert_to_html
notebook .............. phase_estimation.ipynb
notebook_parent_dir ... ./tutorials/lang/algorithms
test .................. jupyter/tutorials/lang/algorithms/phase_estimation
testcase .............. jupyter.tutorials.lang.algorithms.phase_estimation
testname .............. phase_estimation
testpackage ........... jupyter
testclass ............. tutorials.lang.algorithms
testdir ............... /var/lib/jenkins/workspace/myqlm-tutorial-notebooks_rc/install_linux-x86_64_cpython_python39/notebooks/tutorials/lang/algorithms
outfile (this file) ... /var/lib/jenkins/workspace/myqlm-tutorial-notebooks_rc/install_linux-x86_64_cpython_python39/notebooks/.out/jupyter.tutorials.lang.algorithms.phase_estimation.out

python3 -m jupyter nbconvert --execute --ExecutePreprocessor.timeout=600 --to html phase_estimation.ipynb
--output /var/lib/jenkins/workspace/myqlm-tutorial-notebooks_rc/install_linux-x86_64_cpython_python39/html_notebooks/./tutorials/lang/algorithms/phase_estimation 
jupyter.tutorials.lang.algorithms.phase_estimation    [09:44:46]
--------------------------------------------------
[NbConvertApp] Converting notebook phase_estimation.ipynb to html
[NbConvertApp] Writing 401466 bytes to /var/lib/jenkins/workspace/myqlm-tutorial-notebooks_rc/install_linux-x86_64_cpython_python39/html_notebooks/tutorials/lang/algorithms/phase_estimation.html
