
notebookdir ........... /var/lib/jenkins/workspace/myqlm-tutorial-notebooks_rc/install_linux-x86_64_cpython_python39/notebooks
notebook_path ......... ./tutorials/simulation/run_analysis.ipynb
outdir ................ /var/lib/jenkins/workspace/myqlm-tutorial-notebooks_rc/install_linux-x86_64_cpython_python39/notebooks/.out
output_format ......... junit
test_type ............. convert_to_html
notebook .............. run_analysis.ipynb
notebook_parent_dir ... ./tutorials/simulation
test .................. jupyter/tutorials/simulation/run_analysis
testcase .............. jupyter.tutorials.simulation.run_analysis
testname .............. run_analysis
testpackage ........... jupyter
testclass ............. tutorials.simulation
testdir ............... /var/lib/jenkins/workspace/myqlm-tutorial-notebooks_rc/install_linux-x86_64_cpython_python39/notebooks/tutorials/simulation
outfile (this file) ... /var/lib/jenkins/workspace/myqlm-tutorial-notebooks_rc/install_linux-x86_64_cpython_python39/notebooks/.out/jupyter.tutorials.simulation.run_analysis.out

python3 -m jupyter nbconvert --execute --ExecutePreprocessor.timeout=600 --to html run_analysis.ipynb
--output /var/lib/jenkins/workspace/myqlm-tutorial-notebooks_rc/install_linux-x86_64_cpython_python39/html_notebooks/./tutorials/simulation/run_analysis 
jupyter.tutorials.simulation.run_analysis    [09:45:34]
-----------------------------------------
[NbConvertApp] Converting notebook run_analysis.ipynb to html
[NbConvertApp] Writing 352059 bytes to /var/lib/jenkins/workspace/myqlm-tutorial-notebooks_rc/install_linux-x86_64_cpython_python39/html_notebooks/tutorials/simulation/run_analysis.html
