
notebookdir ........... /var/lib/jenkins/workspace/myqlm-tutorial-notebooks_rc/install_linux-x86_64_cpython_python39/notebooks
notebook_path ......... ./tutorials/lang/aqasm.ipynb
outdir ................ /var/lib/jenkins/workspace/myqlm-tutorial-notebooks_rc/install_linux-x86_64_cpython_python39/notebooks/.out
output_format ......... junit
test_type ............. convert_to_html
notebook .............. aqasm.ipynb
notebook_parent_dir ... ./tutorials/lang
test .................. jupyter/tutorials/lang/aqasm
testcase .............. jupyter.tutorials.lang.aqasm
testname .............. aqasm
testpackage ........... jupyter
testclass ............. tutorials.lang
testdir ............... /var/lib/jenkins/workspace/myqlm-tutorial-notebooks_rc/install_linux-x86_64_cpython_python39/notebooks/tutorials/lang
outfile (this file) ... /var/lib/jenkins/workspace/myqlm-tutorial-notebooks_rc/install_linux-x86_64_cpython_python39/notebooks/.out/jupyter.tutorials.lang.aqasm.out

python3 -m jupyter nbconvert --execute --ExecutePreprocessor.timeout=600 --to html aqasm.ipynb
--output /var/lib/jenkins/workspace/myqlm-tutorial-notebooks_rc/install_linux-x86_64_cpython_python39/html_notebooks/./tutorials/lang/aqasm 
jupyter.tutorials.lang.aqasm    [09:44:50]
----------------------------
[NbConvertApp] Converting notebook aqasm.ipynb to html
[NbConvertApp] Writing 364609 bytes to /var/lib/jenkins/workspace/myqlm-tutorial-notebooks_rc/install_linux-x86_64_cpython_python39/html_notebooks/tutorials/lang/aqasm.html
