
notebookdir ........... /var/lib/jenkins/workspace/myqlm-tutorial-notebooks_rc/install_linux-x86_64_cpython_python39/notebooks
notebook_path ......... ./tutorials/variational_algorithms/overview.ipynb
outdir ................ /var/lib/jenkins/workspace/myqlm-tutorial-notebooks_rc/install_linux-x86_64_cpython_python39/notebooks/.out
output_format ......... junit
test_type ............. convert_to_html
notebook .............. overview.ipynb
notebook_parent_dir ... ./tutorials/variational_algorithms
test .................. jupyter/tutorials/variational_algorithms/overview
testcase .............. jupyter.tutorials.variational_algorithms.overview
testname .............. overview
testpackage ........... jupyter
testclass ............. tutorials.variational_algorithms
testdir ............... /var/lib/jenkins/workspace/myqlm-tutorial-notebooks_rc/install_linux-x86_64_cpython_python39/notebooks/tutorials/variational_algorithms
outfile (this file) ... /var/lib/jenkins/workspace/myqlm-tutorial-notebooks_rc/install_linux-x86_64_cpython_python39/notebooks/.out/jupyter.tutorials.variational_algorithms.overview.out

python3 -m jupyter nbconvert --execute --ExecutePreprocessor.timeout=600 --to html overview.ipynb
--output /var/lib/jenkins/workspace/myqlm-tutorial-notebooks_rc/install_linux-x86_64_cpython_python39/html_notebooks/./tutorials/variational_algorithms/overview 
jupyter.tutorials.variational_algorithms.overview    [09:45:40]
-------------------------------------------------
[NbConvertApp] Converting notebook overview.ipynb to html
[NbConvertApp] Writing 341616 bytes to /var/lib/jenkins/workspace/myqlm-tutorial-notebooks_rc/install_linux-x86_64_cpython_python39/html_notebooks/tutorials/variational_algorithms/overview.html
