
notebookdir ........... /var/lib/jenkins/workspace/myqlm-tutorial-notebooks_rc/install_linux-x86_64_cpython_python39/notebooks
notebook_path ......... ./tutorials/combinatorial_optimization/vertex_cover_myqlm.ipynb
outdir ................ /var/lib/jenkins/workspace/myqlm-tutorial-notebooks_rc/install_linux-x86_64_cpython_python39/notebooks/.out
output_format ......... junit
test_type ............. convert_to_html
notebook .............. vertex_cover_myqlm.ipynb
notebook_parent_dir ... ./tutorials/combinatorial_optimization
test .................. jupyter/tutorials/combinatorial_optimization/vertex_cover_myqlm
testcase .............. jupyter.tutorials.combinatorial_optimization.vertex_cover_myqlm
testname .............. vertex_cover_myqlm
testpackage ........... jupyter
testclass ............. tutorials.combinatorial_optimization
testdir ............... /var/lib/jenkins/workspace/myqlm-tutorial-notebooks_rc/install_linux-x86_64_cpython_python39/notebooks/tutorials/combinatorial_optimization
outfile (this file) ... /var/lib/jenkins/workspace/myqlm-tutorial-notebooks_rc/install_linux-x86_64_cpython_python39/notebooks/.out/jupyter.tutorials.combinatorial_optimization.vertex_cover_myqlm.out

python3 -m jupyter nbconvert --execute --ExecutePreprocessor.timeout=600 --to html vertex_cover_myqlm.ipynb
--output /var/lib/jenkins/workspace/myqlm-tutorial-notebooks_rc/install_linux-x86_64_cpython_python39/html_notebooks/./tutorials/combinatorial_optimization/vertex_cover_myqlm 
jupyter.tutorials.combinatorial_optimization.vertex_cover_myqlm    [09:44:14]
---------------------------------------------------------------
[NbConvertApp] Converting notebook vertex_cover_myqlm.ipynb to html
[NbConvertApp] Writing 475205 bytes to /var/lib/jenkins/workspace/myqlm-tutorial-notebooks_rc/install_linux-x86_64_cpython_python39/html_notebooks/tutorials/combinatorial_optimization/vertex_cover_myqlm.html
