
notebookdir ........... /var/lib/jenkins/workspace/myqlm-tutorial-notebooks_rc/install_linux-x86_64_cpython_python39/notebooks
notebook_path ......... ./tutorials/interoperability/interoperations.ipynb
outdir ................ /var/lib/jenkins/workspace/myqlm-tutorial-notebooks_rc/install_linux-x86_64_cpython_python39/notebooks/.out
output_format ......... junit
test_type ............. convert_to_html
notebook .............. interoperations.ipynb
notebook_parent_dir ... ./tutorials/interoperability
test .................. jupyter/tutorials/interoperability/interoperations
testcase .............. jupyter.tutorials.interoperability.interoperations
testname .............. interoperations
testpackage ........... jupyter
testclass ............. tutorials.interoperability
testdir ............... /var/lib/jenkins/workspace/myqlm-tutorial-notebooks_rc/install_linux-x86_64_cpython_python39/notebooks/tutorials/interoperability
outfile (this file) ... /var/lib/jenkins/workspace/myqlm-tutorial-notebooks_rc/install_linux-x86_64_cpython_python39/notebooks/.out/jupyter.tutorials.interoperability.interoperations.out

python3 -m jupyter nbconvert --execute --ExecutePreprocessor.timeout=600 --to html interoperations.ipynb
--output /var/lib/jenkins/workspace/myqlm-tutorial-notebooks_rc/install_linux-x86_64_cpython_python39/html_notebooks/./tutorials/interoperability/interoperations 
jupyter.tutorials.interoperability.interoperations    [09:50:53]
--------------------------------------------------
[NbConvertApp] Converting notebook interoperations.ipynb to html
[NbConvertApp] Writing 346592 bytes to /var/lib/jenkins/workspace/myqlm-tutorial-notebooks_rc/install_linux-x86_64_cpython_python39/html_notebooks/tutorials/interoperability/interoperations.html
