
notebookdir ........... /var/lib/jenkins/workspace/myqlm-tutorial-notebooks_rc/install_linux-x86_64_cpython_python39/notebooks
notebook_path ......... ./tutorials/lang/quantum_types.ipynb
outdir ................ /var/lib/jenkins/workspace/myqlm-tutorial-notebooks_rc/install_linux-x86_64_cpython_python39/notebooks/.out
output_format ......... junit
test_type ............. convert_to_html
notebook .............. quantum_types.ipynb
notebook_parent_dir ... ./tutorials/lang
test .................. jupyter/tutorials/lang/quantum_types
testcase .............. jupyter.tutorials.lang.quantum_types
testname .............. quantum_types
testpackage ........... jupyter
testclass ............. tutorials.lang
testdir ............... /var/lib/jenkins/workspace/myqlm-tutorial-notebooks_rc/install_linux-x86_64_cpython_python39/notebooks/tutorials/lang
outfile (this file) ... /var/lib/jenkins/workspace/myqlm-tutorial-notebooks_rc/install_linux-x86_64_cpython_python39/notebooks/.out/jupyter.tutorials.lang.quantum_types.out

python3 -m jupyter nbconvert --execute --ExecutePreprocessor.timeout=600 --to html quantum_types.ipynb
--output /var/lib/jenkins/workspace/myqlm-tutorial-notebooks_rc/install_linux-x86_64_cpython_python39/html_notebooks/./tutorials/lang/quantum_types 
jupyter.tutorials.lang.quantum_types    [09:45:14]
------------------------------------
[NbConvertApp] Converting notebook quantum_types.ipynb to html
[NbConvertApp] Writing 1273608 bytes to /var/lib/jenkins/workspace/myqlm-tutorial-notebooks_rc/install_linux-x86_64_cpython_python39/html_notebooks/tutorials/lang/quantum_types.html
