
notebookdir ........... /var/lib/jenkins/workspace/myqlm-tutorial-notebooks_rc/install_linux-x86_64_cpython_python39/notebooks
notebook_path ......... ./tutorials/digital_quantum_simulations_spin_fermion/qat_fermion_natural_gradient_vqe.ipynb
outdir ................ /var/lib/jenkins/workspace/myqlm-tutorial-notebooks_rc/install_linux-x86_64_cpython_python39/notebooks/.out
output_format ......... junit
test_type ............. convert_to_html
notebook .............. qat_fermion_natural_gradient_vqe.ipynb
notebook_parent_dir ... ./tutorials/digital_quantum_simulations_spin_fermion
test .................. jupyter/tutorials/digital_quantum_simulations_spin_fermion/qat_fermion_natural_gradient_vqe
testcase .............. jupyter.tutorials.digital_quantum_simulations_spin_fermion.qat_fermion_natural_gradient_vqe
testname .............. qat_fermion_natural_gradient_vqe
testpackage ........... jupyter
testclass ............. tutorials.digital_quantum_simulations_spin_fermion
testdir ............... /var/lib/jenkins/workspace/myqlm-tutorial-notebooks_rc/install_linux-x86_64_cpython_python39/notebooks/tutorials/digital_quantum_simulations_spin_fermion
outfile (this file) ... /var/lib/jenkins/workspace/myqlm-tutorial-notebooks_rc/install_linux-x86_64_cpython_python39/notebooks/.out/jupyter.tutorials.digital_quantum_simulations_spin_fermion.qat_fermion_natural_gradient_vqe.out

python3 -m jupyter nbconvert --execute --ExecutePreprocessor.timeout=600 --to html qat_fermion_natural_gradient_vqe.ipynb
--output /var/lib/jenkins/workspace/myqlm-tutorial-notebooks_rc/install_linux-x86_64_cpython_python39/html_notebooks/./tutorials/digital_quantum_simulations_spin_fermion/qat_fermion_natural_gradient_vqe 
jupyter.tutorials.digital_quantum_simulations_spin_fermion.qat_fermion_natural_gradient_vqe    [09:44:18]
-------------------------------------------------------------------------------------------
[NbConvertApp] Converting notebook qat_fermion_natural_gradient_vqe.ipynb to html
[NbConvertApp] Writing 506410 bytes to /var/lib/jenkins/workspace/myqlm-tutorial-notebooks_rc/install_linux-x86_64_cpython_python39/html_notebooks/tutorials/digital_quantum_simulations_spin_fermion/qat_fermion_natural_gradient_vqe.html
