
notebookdir ........... /var/lib/jenkins/workspace/myqlm-tutorial-notebooks_rc/install_linux-x86_64_cpython_python39/notebooks
notebook_path ......... ./overview.ipynb
outdir ................ /var/lib/jenkins/workspace/myqlm-tutorial-notebooks_rc/install_linux-x86_64_cpython_python39/notebooks/.out
output_format ......... junit
test_type ............. convert_to_html
notebook .............. overview.ipynb
notebook_parent_dir ... .
test .................. jupyter/root/overview
testcase .............. jupyter.root.overview
testname .............. overview
testpackage ........... jupyter
testclass ............. root
testdir ............... /var/lib/jenkins/workspace/myqlm-tutorial-notebooks_rc/install_linux-x86_64_cpython_python39/notebooks/overview
outfile (this file) ... /var/lib/jenkins/workspace/myqlm-tutorial-notebooks_rc/install_linux-x86_64_cpython_python39/notebooks/.out/jupyter.root.overview.out

python3 -m jupyter nbconvert --execute --ExecutePreprocessor.timeout=600 --to html overview.ipynb
--output /var/lib/jenkins/workspace/myqlm-tutorial-notebooks_rc/install_linux-x86_64_cpython_python39/html_notebooks/./overview 
jupyter.root.overview    [09:43:50]
---------------------
[NbConvertApp] Converting notebook overview.ipynb to html
[NbConvertApp] Writing 351709 bytes to /var/lib/jenkins/workspace/myqlm-tutorial-notebooks_rc/install_linux-x86_64_cpython_python39/html_notebooks/overview.html
