
notebookdir ........... /var/lib/jenkins/workspace/myqlm-tutorial-notebooks_rc/install_linux-x86_64_cpython_python39/notebooks
notebook_path ......... ./tutorials/lang/algorithms/algorithms_overview.ipynb
outdir ................ /var/lib/jenkins/workspace/myqlm-tutorial-notebooks_rc/install_linux-x86_64_cpython_python39/notebooks/.out
output_format ......... junit
test_type ............. convert_to_html
notebook .............. algorithms_overview.ipynb
notebook_parent_dir ... ./tutorials/lang/algorithms
test .................. jupyter/tutorials/lang/algorithms/algorithms_overview
testcase .............. jupyter.tutorials.lang.algorithms.algorithms_overview
testname .............. algorithms_overview
testpackage ........... jupyter
testclass ............. tutorials.lang.algorithms
testdir ............... /var/lib/jenkins/workspace/myqlm-tutorial-notebooks_rc/install_linux-x86_64_cpython_python39/notebooks/tutorials/lang/algorithms
outfile (this file) ... /var/lib/jenkins/workspace/myqlm-tutorial-notebooks_rc/install_linux-x86_64_cpython_python39/notebooks/.out/jupyter.tutorials.lang.algorithms.algorithms_overview.out

python3 -m jupyter nbconvert --execute --ExecutePreprocessor.timeout=600 --to html algorithms_overview.ipynb
--output /var/lib/jenkins/workspace/myqlm-tutorial-notebooks_rc/install_linux-x86_64_cpython_python39/html_notebooks/./tutorials/lang/algorithms/algorithms_overview 
jupyter.tutorials.lang.algorithms.algorithms_overview    [09:44:42]
-----------------------------------------------------
[NbConvertApp] Converting notebook algorithms_overview.ipynb to html
[NbConvertApp] Writing 341673 bytes to /var/lib/jenkins/workspace/myqlm-tutorial-notebooks_rc/install_linux-x86_64_cpython_python39/html_notebooks/tutorials/lang/algorithms/algorithms_overview.html
