
notebookdir ........... /var/lib/jenkins/workspace/myqlm-tutorial-notebooks_rc/install_linux-x86_64_cpython_python39/notebooks
notebook_path ......... ./getting_started.ipynb
outdir ................ /var/lib/jenkins/workspace/myqlm-tutorial-notebooks_rc/install_linux-x86_64_cpython_python39/notebooks/.out
output_format ......... junit
test_type ............. convert_to_html
notebook .............. getting_started.ipynb
notebook_parent_dir ... .
test .................. jupyter/root/getting_started
testcase .............. jupyter.root.getting_started
testname .............. getting_started
testpackage ........... jupyter
testclass ............. root
testdir ............... /var/lib/jenkins/workspace/myqlm-tutorial-notebooks_rc/install_linux-x86_64_cpython_python39/notebooks/getting_started
outfile (this file) ... /var/lib/jenkins/workspace/myqlm-tutorial-notebooks_rc/install_linux-x86_64_cpython_python39/notebooks/.out/jupyter.root.getting_started.out

python3 -m jupyter nbconvert --execute --ExecutePreprocessor.timeout=600 --to html getting_started.ipynb
--output /var/lib/jenkins/workspace/myqlm-tutorial-notebooks_rc/install_linux-x86_64_cpython_python39/html_notebooks/./getting_started 
jupyter.root.getting_started    [09:43:48]
----------------------------
[NbConvertApp] Converting notebook getting_started.ipynb to html
[NbConvertApp] Writing 400772 bytes to /var/lib/jenkins/workspace/myqlm-tutorial-notebooks_rc/install_linux-x86_64_cpython_python39/html_notebooks/getting_started.html
