
notebookdir ........... /var/lib/jenkins/workspace/myqlm-tutorial-notebooks_rc/install_linux-x86_64_cpython_python39/notebooks
notebook_path ......... ./tutorials/variational_algorithms/qaoa.ipynb
outdir ................ /var/lib/jenkins/workspace/myqlm-tutorial-notebooks_rc/install_linux-x86_64_cpython_python39/notebooks/.out
output_format ......... junit
test_type ............. convert_to_html
notebook .............. qaoa.ipynb
notebook_parent_dir ... ./tutorials/variational_algorithms
test .................. jupyter/tutorials/variational_algorithms/qaoa
testcase .............. jupyter.tutorials.variational_algorithms.qaoa
testname .............. qaoa
testpackage ........... jupyter
testclass ............. tutorials.variational_algorithms
testdir ............... /var/lib/jenkins/workspace/myqlm-tutorial-notebooks_rc/install_linux-x86_64_cpython_python39/notebooks/tutorials/variational_algorithms
outfile (this file) ... /var/lib/jenkins/workspace/myqlm-tutorial-notebooks_rc/install_linux-x86_64_cpython_python39/notebooks/.out/jupyter.tutorials.variational_algorithms.qaoa.out

python3 -m jupyter nbconvert --execute --ExecutePreprocessor.timeout=600 --to html qaoa.ipynb
--output /var/lib/jenkins/workspace/myqlm-tutorial-notebooks_rc/install_linux-x86_64_cpython_python39/html_notebooks/./tutorials/variational_algorithms/qaoa 
jupyter.tutorials.variational_algorithms.qaoa    [09:45:42]
---------------------------------------------
[NbConvertApp] Converting notebook qaoa.ipynb to html
[NbConvertApp] Writing 841277 bytes to /var/lib/jenkins/workspace/myqlm-tutorial-notebooks_rc/install_linux-x86_64_cpython_python39/html_notebooks/tutorials/variational_algorithms/qaoa.html
