
notebookdir ........... /var/lib/jenkins/workspace/myqlm-tutorial-notebooks_rc/install_linux-x86_64_cpython_python39/notebooks
notebook_path ......... ./tutorials/lang/differentiating_jobs.ipynb
outdir ................ /var/lib/jenkins/workspace/myqlm-tutorial-notebooks_rc/install_linux-x86_64_cpython_python39/notebooks/.out
output_format ......... junit
test_type ............. convert_to_html
notebook .............. differentiating_jobs.ipynb
notebook_parent_dir ... ./tutorials/lang
test .................. jupyter/tutorials/lang/differentiating_jobs
testcase .............. jupyter.tutorials.lang.differentiating_jobs
testname .............. differentiating_jobs
testpackage ........... jupyter
testclass ............. tutorials.lang
testdir ............... /var/lib/jenkins/workspace/myqlm-tutorial-notebooks_rc/install_linux-x86_64_cpython_python39/notebooks/tutorials/lang
outfile (this file) ... /var/lib/jenkins/workspace/myqlm-tutorial-notebooks_rc/install_linux-x86_64_cpython_python39/notebooks/.out/jupyter.tutorials.lang.differentiating_jobs.out

python3 -m jupyter nbconvert --execute --ExecutePreprocessor.timeout=600 --to html differentiating_jobs.ipynb
--output /var/lib/jenkins/workspace/myqlm-tutorial-notebooks_rc/install_linux-x86_64_cpython_python39/html_notebooks/./tutorials/lang/differentiating_jobs 
jupyter.tutorials.lang.differentiating_jobs    [09:44:56]
-------------------------------------------
[NbConvertApp] Converting notebook differentiating_jobs.ipynb to html
[NbConvertApp] Writing 806890 bytes to /var/lib/jenkins/workspace/myqlm-tutorial-notebooks_rc/install_linux-x86_64_cpython_python39/html_notebooks/tutorials/lang/differentiating_jobs.html
