
notebookdir ........... /var/lib/jenkins/workspace/myqlm-tutorial-notebooks_rc/install_linux-x86_64_cpython_python39/notebooks
notebook_path ......... ./tutorials/variational_algorithms/scipy_optimize_binder.ipynb
outdir ................ /var/lib/jenkins/workspace/myqlm-tutorial-notebooks_rc/install_linux-x86_64_cpython_python39/notebooks/.out
output_format ......... junit
test_type ............. convert_to_html
notebook .............. scipy_optimize_binder.ipynb
notebook_parent_dir ... ./tutorials/variational_algorithms
test .................. jupyter/tutorials/variational_algorithms/scipy_optimize_binder
testcase .............. jupyter.tutorials.variational_algorithms.scipy_optimize_binder
testname .............. scipy_optimize_binder
testpackage ........... jupyter
testclass ............. tutorials.variational_algorithms
testdir ............... /var/lib/jenkins/workspace/myqlm-tutorial-notebooks_rc/install_linux-x86_64_cpython_python39/notebooks/tutorials/variational_algorithms
outfile (this file) ... /var/lib/jenkins/workspace/myqlm-tutorial-notebooks_rc/install_linux-x86_64_cpython_python39/notebooks/.out/jupyter.tutorials.variational_algorithms.scipy_optimize_binder.out

python3 -m jupyter nbconvert --execute --ExecutePreprocessor.timeout=600 --to html scipy_optimize_binder.ipynb
--output /var/lib/jenkins/workspace/myqlm-tutorial-notebooks_rc/install_linux-x86_64_cpython_python39/html_notebooks/./tutorials/variational_algorithms/scipy_optimize_binder 
jupyter.tutorials.variational_algorithms.scipy_optimize_binder    [09:45:44]
--------------------------------------------------------------
[NbConvertApp] Converting notebook scipy_optimize_binder.ipynb to html
[NbConvertApp] Writing 352089 bytes to /var/lib/jenkins/workspace/myqlm-tutorial-notebooks_rc/install_linux-x86_64_cpython_python39/html_notebooks/tutorials/variational_algorithms/scipy_optimize_binder.html
