
notebookdir ........... /var/lib/jenkins/workspace/myqlm-tutorial-notebooks_rc/install_linux-x86_64_cpython_python39/notebooks
notebook_path ......... ./commands.ipynb
outdir ................ /var/lib/jenkins/workspace/myqlm-tutorial-notebooks_rc/install_linux-x86_64_cpython_python39/notebooks/.out
output_format ......... junit
test_type ............. convert_to_html
notebook .............. commands.ipynb
notebook_parent_dir ... .
test .................. jupyter/root/commands
testcase .............. jupyter.root.commands
testname .............. commands
testpackage ........... jupyter
testclass ............. root
testdir ............... /var/lib/jenkins/workspace/myqlm-tutorial-notebooks_rc/install_linux-x86_64_cpython_python39/notebooks/commands
outfile (this file) ... /var/lib/jenkins/workspace/myqlm-tutorial-notebooks_rc/install_linux-x86_64_cpython_python39/notebooks/.out/jupyter.root.commands.out

python3 -m jupyter nbconvert --execute --ExecutePreprocessor.timeout=600 --to html commands.ipynb
--output /var/lib/jenkins/workspace/myqlm-tutorial-notebooks_rc/install_linux-x86_64_cpython_python39/html_notebooks/./commands 
jupyter.root.commands    [09:43:46]
---------------------
[NbConvertApp] Converting notebook commands.ipynb to html
[NbConvertApp] Writing 369260 bytes to /var/lib/jenkins/workspace/myqlm-tutorial-notebooks_rc/install_linux-x86_64_cpython_python39/html_notebooks/commands.html
