
notebookdir ........... /var/lib/jenkins/workspace/myqlm-tutorial-notebooks_rc/install_linux-x86_64_cpython_python39/notebooks
notebook_path ......... ./tutorials/plugins/junctions_and_optimizers.ipynb
outdir ................ /var/lib/jenkins/workspace/myqlm-tutorial-notebooks_rc/install_linux-x86_64_cpython_python39/notebooks/.out
output_format ......... junit
test_type ............. convert_to_html
notebook .............. junctions_and_optimizers.ipynb
notebook_parent_dir ... ./tutorials/plugins
test .................. jupyter/tutorials/plugins/junctions_and_optimizers
testcase .............. jupyter.tutorials.plugins.junctions_and_optimizers
testname .............. junctions_and_optimizers
testpackage ........... jupyter
testclass ............. tutorials.plugins
testdir ............... /var/lib/jenkins/workspace/myqlm-tutorial-notebooks_rc/install_linux-x86_64_cpython_python39/notebooks/tutorials/plugins
outfile (this file) ... /var/lib/jenkins/workspace/myqlm-tutorial-notebooks_rc/install_linux-x86_64_cpython_python39/notebooks/.out/jupyter.tutorials.plugins.junctions_and_optimizers.out

python3 -m jupyter nbconvert --execute --ExecutePreprocessor.timeout=600 --to html junctions_and_optimizers.ipynb
--output /var/lib/jenkins/workspace/myqlm-tutorial-notebooks_rc/install_linux-x86_64_cpython_python39/html_notebooks/./tutorials/plugins/junctions_and_optimizers 
jupyter.tutorials.plugins.junctions_and_optimizers    [09:45:24]
--------------------------------------------------
[NbConvertApp] Converting notebook junctions_and_optimizers.ipynb to html
[NbConvertApp] Writing 426814 bytes to /var/lib/jenkins/workspace/myqlm-tutorial-notebooks_rc/install_linux-x86_64_cpython_python39/html_notebooks/tutorials/plugins/junctions_and_optimizers.html
