
notebookdir ........... /var/lib/jenkins/workspace/myqlm-tutorial-notebooks_rc/install_linux-x86_64_cpython_python39/notebooks
notebook_path ......... ./tutorials/digital_quantum_simulations_spin_fermion/qat_fermion_vqe_hubbard.ipynb
outdir ................ /var/lib/jenkins/workspace/myqlm-tutorial-notebooks_rc/install_linux-x86_64_cpython_python39/notebooks/.out
output_format ......... junit
test_type ............. convert_to_html
notebook .............. qat_fermion_vqe_hubbard.ipynb
notebook_parent_dir ... ./tutorials/digital_quantum_simulations_spin_fermion
test .................. jupyter/tutorials/digital_quantum_simulations_spin_fermion/qat_fermion_vqe_hubbard
testcase .............. jupyter.tutorials.digital_quantum_simulations_spin_fermion.qat_fermion_vqe_hubbard
testname .............. qat_fermion_vqe_hubbard
testpackage ........... jupyter
testclass ............. tutorials.digital_quantum_simulations_spin_fermion
testdir ............... /var/lib/jenkins/workspace/myqlm-tutorial-notebooks_rc/install_linux-x86_64_cpython_python39/notebooks/tutorials/digital_quantum_simulations_spin_fermion
outfile (this file) ... /var/lib/jenkins/workspace/myqlm-tutorial-notebooks_rc/install_linux-x86_64_cpython_python39/notebooks/.out/jupyter.tutorials.digital_quantum_simulations_spin_fermion.qat_fermion_vqe_hubbard.out

python3 -m jupyter nbconvert --execute --ExecutePreprocessor.timeout=600 --to html qat_fermion_vqe_hubbard.ipynb
--output /var/lib/jenkins/workspace/myqlm-tutorial-notebooks_rc/install_linux-x86_64_cpython_python39/html_notebooks/./tutorials/digital_quantum_simulations_spin_fermion/qat_fermion_vqe_hubbard 
jupyter.tutorials.digital_quantum_simulations_spin_fermion.qat_fermion_vqe_hubbard    [09:44:30]
----------------------------------------------------------------------------------
[NbConvertApp] Converting notebook qat_fermion_vqe_hubbard.ipynb to html
[NbConvertApp] Writing 554445 bytes to /var/lib/jenkins/workspace/myqlm-tutorial-notebooks_rc/install_linux-x86_64_cpython_python39/html_notebooks/tutorials/digital_quantum_simulations_spin_fermion/qat_fermion_vqe_hubbard.html
