
notebookdir ........... /var/lib/jenkins/workspace/myqlm-tutorial-notebooks_rc/install_linux-x86_64_cpython_python39/notebooks
notebook_path ......... ./tutorials/interoperability/Cirq.ipynb
outdir ................ /var/lib/jenkins/workspace/myqlm-tutorial-notebooks_rc/install_linux-x86_64_cpython_python39/notebooks/.out
output_format ......... junit
test_type ............. convert_to_html
notebook .............. Cirq.ipynb
notebook_parent_dir ... ./tutorials/interoperability
test .................. jupyter/tutorials/interoperability/Cirq
testcase .............. jupyter.tutorials.interoperability.Cirq
testname .............. Cirq
testpackage ........... jupyter
testclass ............. tutorials.interoperability
testdir ............... /var/lib/jenkins/workspace/myqlm-tutorial-notebooks_rc/install_linux-x86_64_cpython_python39/notebooks/tutorials/interoperability
outfile (this file) ... /var/lib/jenkins/workspace/myqlm-tutorial-notebooks_rc/install_linux-x86_64_cpython_python39/notebooks/.out/jupyter.tutorials.interoperability.Cirq.out

python3 -m jupyter nbconvert --execute --ExecutePreprocessor.timeout=600 --to html Cirq.ipynb
--output /var/lib/jenkins/workspace/myqlm-tutorial-notebooks_rc/install_linux-x86_64_cpython_python39/html_notebooks/./tutorials/interoperability/Cirq 
jupyter.tutorials.interoperability.Cirq    [09:50:45]
---------------------------------------
[NbConvertApp] Converting notebook Cirq.ipynb to html
[NbConvertApp] Writing 355105 bytes to /var/lib/jenkins/workspace/myqlm-tutorial-notebooks_rc/install_linux-x86_64_cpython_python39/html_notebooks/tutorials/interoperability/Cirq.html
