
notebookdir ........... /var/lib/jenkins/workspace/myqlm-tutorial-notebooks_rc/install_linux-x86_64_cpython_python39/notebooks
notebook_path ......... ./tutorials/variational_algorithms/displaying_informations.ipynb
outdir ................ /var/lib/jenkins/workspace/myqlm-tutorial-notebooks_rc/install_linux-x86_64_cpython_python39/notebooks/.out
output_format ......... junit
test_type ............. convert_to_html
notebook .............. displaying_informations.ipynb
notebook_parent_dir ... ./tutorials/variational_algorithms
test .................. jupyter/tutorials/variational_algorithms/displaying_informations
testcase .............. jupyter.tutorials.variational_algorithms.displaying_informations
testname .............. displaying_informations
testpackage ........... jupyter
testclass ............. tutorials.variational_algorithms
testdir ............... /var/lib/jenkins/workspace/myqlm-tutorial-notebooks_rc/install_linux-x86_64_cpython_python39/notebooks/tutorials/variational_algorithms
outfile (this file) ... /var/lib/jenkins/workspace/myqlm-tutorial-notebooks_rc/install_linux-x86_64_cpython_python39/notebooks/.out/jupyter.tutorials.variational_algorithms.displaying_informations.out

python3 -m jupyter nbconvert --execute --ExecutePreprocessor.timeout=600 --to html displaying_informations.ipynb
--output /var/lib/jenkins/workspace/myqlm-tutorial-notebooks_rc/install_linux-x86_64_cpython_python39/html_notebooks/./tutorials/variational_algorithms/displaying_informations 
jupyter.tutorials.variational_algorithms.displaying_informations    [09:45:38]
----------------------------------------------------------------
[NbConvertApp] Converting notebook displaying_informations.ipynb to html
[NbConvertApp] Writing 390991 bytes to /var/lib/jenkins/workspace/myqlm-tutorial-notebooks_rc/install_linux-x86_64_cpython_python39/html_notebooks/tutorials/variational_algorithms/displaying_informations.html
